<?xml version="1.0" encoding="utf-8" standalone="no"?>
<!--This file represents the results of running a test suite-->
<test-results name="C:\Users\vikkio\Documents\Visual Studio 2013\Projects\DsManager\ModelsTest\Project1.nunit" total="1" errors="1" failures="0" not-run="0" inconclusive="0" ignored="0" skipped="0" invalid="0" date="2014-08-22" time="09:48:44">
  <environment nunit-version="2.6.2.12296" clr-version="2.0.50727.6387" os-version="Microsoft Windows NT 6.2.9200.0" platform="Win32NT" cwd="C:\Windows\System32" machine-name="ASUSX550C" user="vikkio" user-domain="asusx550c" />
  <culture-info current-culture="it-IT" current-uiculture="it-IT" />
  <test-suite type="Project" name="C:\Users\vikkio\Documents\Visual Studio 2013\Projects\DsManager\ModelsTest\Project1.nunit" executed="True" result="Failure" success="False" time="1.643" asserts="0">
    <results>
      <test-suite type="Assembly" name="C:\Users\vikkio\Documents\Visual Studio 2013\Projects\DsManager\ModelsTest\bin\Debug\ModelsTest.dll" executed="True" result="Failure" success="False" time="1.622" asserts="0">
        <results>
          <test-suite type="Namespace" name="ModelsTest" executed="True" result="Failure" success="False" time="1.622" asserts="0">
            <results>
              <test-suite type="TestFixture" name="LeagueTest" executed="True" result="Failure" success="False" time="1.619" asserts="0">
                <results>
                  <test-case name="ModelsTest.LeagueTest.testAlgoritmoCampionato" executed="True" result="Error" success="False" time="1.602" asserts="0">
                    <failure>
                      <message><![CDATA[System.Exception : No more Rounds left]]></message>
                      <stack-trace><![CDATA[in DsManager.Models.League.simulateRound() in c:\Users\vikkio\Documents\Visual Studio 2013\Projects\DsManager\DsManager\Models\League.cs:riga 74
in ModelsTest.LeagueTest.testAlgoritmoCampionato() in c:\Users\vikkio\Documents\Visual Studio 2013\Projects\DsManager\ModelsTest\LeagueTest.cs:riga 21
]]></stack-trace>
                    </failure>
                  </test-case>
                </results>
              </test-suite>
            </results>
          </test-suite>
        </results>
      </test-suite>
    </results>
  </test-suite>
</test-results>